nohup: ignoring input
[INFO] Scanning for projects...
[INFO] 
[INFO] -----------------------< com.mindvault:mymemory >-----------------------
[INFO] Building mymemory 0.0.1-SNAPSHOT
[INFO]   from pom.xml
[INFO] --------------------------------[ jar ]---------------------------------
[INFO] 
[INFO] >>> spring-boot:3.3.5:run (default-cli) > test-compile @ mymemory >>>
[INFO] 
[INFO] --- resources:3.3.1:resources (default-resources) @ mymemory ---
[INFO] Copying 2 resources from src/main/resources to target/classes
[INFO] Copying 0 resource from src/main/resources to target/classes
[INFO] 
[INFO] --- compiler:3.13.0:compile (default-compile) @ mymemory ---
[INFO] Nothing to compile - all classes are up to date.
[INFO] 
[INFO] --- resources:3.3.1:testResources (default-testResources) @ mymemory ---
[INFO] Copying 1 resource from src/test/resources to target/test-classes
[INFO] 
[INFO] --- compiler:3.13.0:testCompile (default-testCompile) @ mymemory ---
[INFO] Nothing to compile - all classes are up to date.
[INFO] 
[INFO] <<< spring-boot:3.3.5:run (default-cli) < test-compile @ mymemory <<<
[INFO] 
[INFO] 
[INFO] --- spring-boot:3.3.5:run (default-cli) @ mymemory ---
[INFO] Attaching agents: []

  .   ____          _            __ _ _
 /\\ / ___'_ __ _ _(_)_ __  __ _ \ \ \ \
( ( )\___ | '_ | '_| | '_ \/ _` | \ \ \ \
 \\/  ___)| |_)| | | | | || (_| |  ) ) ) )
  '  |____| .__|_| |_|_| |_\__, | / / / /
 =========|_|==============|___/=/_/_/_/

 :: Spring Boot ::                (v3.3.5)

2025-12-11T13:05:52.059+07:00  INFO 73558 --- [           main] c.m.mymemory.MymemoryApplication         : Starting MymemoryApplication using Java 21.0.9 with PID 73558 (/home/sophea/MY_MEMORY_BACK_END/target/classes started by sophea in /home/sophea/MY_MEMORY_BACK_END)
2025-12-11T13:05:52.062+07:00  INFO 73558 --- [           main] c.m.mymemory.MymemoryApplication         : No active profile set, falling back to 1 default profile: "default"
2025-12-11T13:05:53.170+07:00  INFO 73558 --- [           main] .s.d.r.c.RepositoryConfigurationDelegate : Bootstrapping Spring Data JPA repositories in DEFAULT mode.
2025-12-11T13:05:53.254+07:00  INFO 73558 --- [           main] .s.d.r.c.RepositoryConfigurationDelegate : Finished Spring Data repository scanning in 74 ms. Found 3 JPA repository interfaces.
2025-12-11T13:05:53.961+07:00  INFO 73558 --- [           main] o.s.b.w.embedded.tomcat.TomcatWebServer  : Tomcat initialized with port 8081 (http)
2025-12-11T13:05:53.983+07:00  INFO 73558 --- [           main] o.apache.catalina.core.StandardService   : Starting service [Tomcat]
2025-12-11T13:05:53.983+07:00  INFO 73558 --- [           main] o.apache.catalina.core.StandardEngine    : Starting Servlet engine: [Apache Tomcat/10.1.31]
2025-12-11T13:05:54.051+07:00  INFO 73558 --- [           main] o.a.c.c.C.[Tomcat].[localhost].[/]       : Initializing Spring embedded WebApplicationContext
2025-12-11T13:05:54.053+07:00  INFO 73558 --- [           main] w.s.c.ServletWebServerApplicationContext : Root WebApplicationContext: initialization completed in 1928 ms
2025-12-11T13:05:54.230+07:00  INFO 73558 --- [           main] o.hibernate.jpa.internal.util.LogHelper  : HHH000204: Processing PersistenceUnitInfo [name: default]
2025-12-11T13:05:54.288+07:00  INFO 73558 --- [           main] org.hibernate.Version                    : HHH000412: Hibernate ORM core version 6.5.3.Final
2025-12-11T13:05:54.325+07:00  INFO 73558 --- [           main] o.h.c.internal.RegionFactoryInitiator    : HHH000026: Second-level cache disabled
2025-12-11T13:05:54.807+07:00  INFO 73558 --- [           main] o.s.o.j.p.SpringPersistenceUnitInfo      : No LoadTimeWeaver setup: ignoring JPA class transformer
2025-12-11T13:05:54.840+07:00  INFO 73558 --- [           main] com.zaxxer.hikari.HikariDataSource       : HikariPool-1 - Starting...
2025-12-11T13:05:55.294+07:00  INFO 73558 --- [           main] com.zaxxer.hikari.pool.HikariPool        : HikariPool-1 - Added connection org.postgresql.jdbc.PgConnection@652b3733
2025-12-11T13:05:55.297+07:00  INFO 73558 --- [           main] com.zaxxer.hikari.HikariDataSource       : HikariPool-1 - Start completed.
2025-12-11T13:05:55.339+07:00  WARN 73558 --- [           main] org.hibernate.orm.deprecation            : HHH90000025: PostgreSQLDialect does not need to be specified explicitly using 'hibernate.dialect' (remove the property setting and it will be selected by default)
2025-12-11T13:05:56.580+07:00  INFO 73558 --- [           main] o.h.e.t.j.p.i.JtaPlatformInitiator       : HHH000489: No JTA platform available (set 'hibernate.transaction.jta.platform' to enable JTA platform integration)
Hibernate: 
    alter table if exists memories 
       alter column content set data type TEXT
2025-12-11T13:05:56.704+07:00  INFO 73558 --- [           main] j.LocalContainerEntityManagerFactoryBean : Initialized JPA EntityManagerFactory for persistence unit 'default'
2025-12-11T13:05:57.194+07:00  INFO 73558 --- [           main] eAuthenticationProviderManagerConfigurer : Global AuthenticationManager configured with AuthenticationProvider bean with name authenticationProvider
2025-12-11T13:05:57.195+07:00  WARN 73558 --- [           main] r$InitializeUserDetailsManagerConfigurer : Global AuthenticationManager configured with an AuthenticationProvider bean. UserDetailsService beans will not be used for username/password login. Consider removing the AuthenticationProvider bean. Alternatively, consider using the UserDetailsService in a manually instantiated DaoAuthenticationProvider.
2025-12-11T13:05:57.262+07:00  INFO 73558 --- [           main] o.s.d.j.r.query.QueryEnhancerFactory     : Hibernate is in classpath; If applicable, HQL parser will be used.
2025-12-11T13:05:58.433+07:00  WARN 73558 --- [           main] JpaBaseConfiguration$JpaWebConfiguration : spring.jpa.open-in-view is enabled by default. Therefore, database queries may be performed during view rendering. Explicitly configure spring.jpa.open-in-view to disable this warning
2025-12-11T13:05:59.219+07:00  WARN 73558 --- [           main] ConfigServletWebServerApplicationContext : Exception encountered during context initialization - cancelling refresh attempt: org.springframework.context.ApplicationContextException: Failed to start bean 'webServerStartStop'
2025-12-11T13:05:59.223+07:00  INFO 73558 --- [           main] j.LocalContainerEntityManagerFactoryBean : Closing JPA EntityManag2025-12-11T13:06:26.415+07:00  INFO 72951 --- [nio-8081-exec-1] o.a.c.c.C.[Tomcat].[localhost].[/]       : Initializing Spring DispatcherServlet 'dispatcherServlet'
2025-12-11T13:06:26.415+07:00  INFO 72951 --- [nio-8081-exec-1] o.s.web.servlet.DispatcherServlet        : Initializing Servlet 'dispatcherServlet'
2025-12-11T13:06:26.417+07:00  INFO 72951 --- [nio-8081-exec-1] o.s.web.servlet.DispatcherServlet        : Completed initialization in 2 ms
2025-12-11T13:06:26.563+07:00  WARN 72951 --- [nio-8081-exec-1] .w.s.m.s.DefaultHandlerExceptionResolver : Resolved [org.springframework.http.converter.HttpMessageNotReadableException: JSON parse error: Unrecognized token 'username': was expecting (JSON String, Number, Array, Object or token 'null', 'true' or 'false')]
Hibernate: 
    select
        u1_0.id,
        u1_0.email,
        u1_0.name,
        u1_0.password,
        u1_0.username 
    from
        users u1_0 
    where
        u1_0.username=?
Hibernate: 
    select
        u1_0.id,
        u1_0.email,
        u1_0.name,
        u1_0.password,
        u1_0.username 
    from
        users u1_0 
    where
        u1_0.email=?
Hibernate: 
    insert 
    into
        users
        (email, name, password, username) 
    values
        (?, ?, ?, ?) 
    returning id
Hibernate: 
    select
        u1_0.id,
        u1_0.email,
        u1_0.name,
        u1_0.password,
        u1_0.username 
    from
        users u1_0 
    where
        u1_0.username=?
Hibernate: 
    select
        u1_0.id,
        u1_0.email,
        u1_0.name,
        u1_0.password,
        u1_0.username 
    from
        users u1_0 
    where
        u1_0.email=?
Hibernate: 
    insert 
    into
        users
        (email, name, password, username) 
    values
        (?, ?, ?, ?) 
    returning id
Hibernate: 
    select
        u1_0.id,
        u1_0.email,
        u1_0.name,
        u1_0.password,
        u1_0.username 
    from
        users u1_0 
    where
        u1_0.username=?
Hibernate: 
    select
        u1_0.id,
        u1_0.email,
        u1_0.name,
        u1_0.password,
        u1_0.username 
    from
        users u1_0 
    where
        u1_0.email=?
Hibernate: 
    insert 
    into
        users
        (email, name, password, username) 
    values
        (?, ?, ?, ?) 
    returning id
Hibernate: 
    select
        u1_0.id,
        u1_0.email,
        u1_0.name,
        u1_0.password,
        u1_0.username 
    from
        users u1_0 
    where
        u1_0.username=?
Hibernate: 
    select
        u1_0.id,
        u1_0.email,
        u1_0.name,
        u1_0.password,
        u1_0.username 
    from
        users u1_0 
    where
        u1_0.username=?
Hibernate: 
    insert 
    into
        memories
        (category_id, content, created_at, image_url, title, updated_at, user_id) 
    values
        (?, ?, ?, ?, ?, ?, ?) 
    returning id
Hibernate: 
    select
        u1_0.id,
        u1_0.email,
        u1_0.name,
        u1_0.password,
        u1_0.username 
    from
        users u1_0 
    where
        u1_0.username=?
Hibernate: 
    select
        u1_0.id,
        u1_0.email,
        u1_0.name,
        u1_0.password,
        u1_0.username 
    from
        users u1_0 
    where
        u1_0.username=?
Hibernate: 
    select
        m1_0.id,
        c1_0.id,
        c1_0.name,
        m1_0.content,
        m1_0.created_at,
        m1_0.image_url,
        m1_0.title,
        m1_0.updated_at,
        m1_0.user_id 
    from
        memories m1_0 
    left join
        categories c1_0 
            on c1_0.id=m1_0.category_id 
    where
        m1_0.id=?
Hibernate: 
    select
        u1_0.id,
        u1_0.email,
        u1_0.name,
        u1_0.password,
        u1_0.username 
    from
        users u1_0 
    where
        u1_0.username=?
Hibernate: 
    select
        u1_0.id,
        u1_0.email,
        u1_0.name,
        u1_0.password,
        u1_0.username 
    from
        users u1_0 
    where
        u1_0.username=?
Hibernate: 
    select
        m1_0.id,
        c1_0.id,
        c1_0.name,
        m1_0.content,
        m1_0.created_at,
        m1_0.image_url,
        m1_0.title,
        m1_0.updated_at,
        m1_0.user_id 
    from
        memories m1_0 
    left join
        categories c1_0 
            on c1_0.id=m1_0.category_id 
    where
        m1_0.id=?
Hibernate: 
    update
        memories 
    set
        category_id=?,
        content=?,
        created_at=?,
        image_url=?,
        title=?,
        updated_at=?,
        user_id=? 
    where
        id=?
Hibernate: 
    select
        u1_0.id,
        u1_0.email,
        u1_0.name,
        u1_0.password,
        u1_0.username 
    from
        users u1_0 
    where
        u1_0.username=?
Hibernate: 
    select
        u1_0.id,
        u1_0.email,
        u1_0.name,
        u1_0.password,
        u1_0.username 
    from
        users u1_0 
    where
        u1_0.username=?
Hibernate: 
    select
        m1_0.id,
        c1_0.id,
        c1_0.name,
        m1_0.content,
        m1_0.created_at,
        m1_0.image_url,
        m1_0.title,
        m1_0.updated_at,
        m1_0.user_id 
    from
        memories m1_0 
    left join
        categories c1_0 
            on c1_0.id=m1_0.category_id 
    where
        m1_0.id=?
Hibernate: 
    delete 
    from
        memories 
    where
        id=?
2025-12-11T13:39:51.872+07:00  WARN 72951 --- [nio-8081-exec-9] .w.s.m.s.DefaultHandlerExceptionResolver : Resolved [org.springframework.http.converter.HttpMessageNotReadableException: JSON parse error: Unrecognized token 'username': was expecting (JSON String, Number, Array, Object or token 'null', 'true' or 'false')]
Hibernate: 
    select
        u1_0.id,
        u1_0.email,
        u1_0.name,
        u1_0.password,
        u1_0.username 
    from
        users u1_0 
    where
        u1_0.username=?
Hibernate: 
    select
        u1_0.id,
        u1_0.email,
        u1_0.name,
        u1_0.password,
        u1_0.username 
    from
        users u1_0 
    where
        u1_0.email=?
Hibernate: 
    insert 
    into
        users
        (email, name, password, username) 
    values
        (?, ?, ?, ?) 
    returning id
Hibernate: 
    select
        u1_0.id,
        u1_0.email,
        u1_0.name,
        u1_0.password,
        u1_0.username 
    from
        users u1_0 
    where
        u1_0.username=?
Hibernate: 
    select
        u1_0.id,
        u1_0.email,
        u1_0.name,
        u1_0.password,
        u1_0.username 
    from
        users u1_0 
    where
        u1_0.email=?
Hibernate: 
    insert 
    into
        users
        (email, name, password, username) 
    values
        (?, ?, ?, ?) 
    returning id
Hibernate: 
    select
        u1_0.id,
        u1_0.email,
        u1_0.name,
        u1_0.password,
        u1_0.username 
    from
        users u1_0 
    where
        u1_0.username=?
Hibernate: 
    select
        u1_0.id,
        u1_0.email,
        u1_0.name,
        u1_0.password,
        u1_0.username 
    from
        users u1_0 
    where
        u1_0.email=?
Hibernate: 
    insert 
    into
        users
        (email, name, password, username) 
    values
        (?, ?, ?, ?) 
    returning id
Hibernate: 
    select
        u1_0.id,
        u1_0.email,
        u1_0.name,
        u1_0.password,
        u1_0.username 
    from
        users u1_0 
    where
        u1_0.username=?
Hibernate: 
    select
        u1_0.id,
        u1_0.email,
        u1_0.name,
        u1_0.password,
        u1_0.username 
    from
        users u1_0 
    where
        u1_0.email=?
Hibernate: 
    insert 
    into
        users
        (email, name, password, username) 
    values
        (?, ?, ?, ?) 
    returning id
Hibernate: 
    select
        u1_0.id,
        u1_0.email,
        u1_0.name,
        u1_0.password,
        u1_0.username 
    from
        users u1_0 
    where
        u1_0.username=?
Hibernate: 
    select
        u1_0.id,
        u1_0.email,
        u1_0.name,
        u1_0.password,
        u1_0.username 
    from
        users u1_0 
    where
        u1_0.username=?
Hibernate: 
    insert 
    into
        memories
        (category_id, content, created_at, image_url, title, updated_at, user_id) 
    values
        (?, ?, ?, ?, ?, ?, ?) 
    returning id
Hibernate: 
    select
        u1_0.id,
        u1_0.email,
        u1_0.name,
        u1_0.password,
        u1_0.username 
    from
        users u1_0 
    where
        u1_0.username=?
Hibernate: 
    select
        u1_0.id,
        u1_0.email,
        u1_0.name,
        u1_0.password,
        u1_0.username 
    from
        users u1_0 
    where
        u1_0.username=?
Hibernate: 
    select
        m1_0.id,
        c1_0.id,
        c1_0.name,
        m1_0.content,
        m1_0.created_at,
        m1_0.image_url,
        m1_0.title,
        m1_0.updated_at,
        m1_0.user_id 
    from
        memories m1_0 
    left join
        categories c1_0 
            on c1_0.id=m1_0.category_id 
    where
        m1_0.id=?
